  Primitive.cpp
G:\Motores\ThomasEngine\ThomasEngine\Primitive.cpp(221,11): warning C4244: 'inicializando': conversión de 'double' a 'float'; posible pérdida de datos
G:\Motores\ThomasEngine\ThomasEngine\Primitive.cpp(222,52): warning C4244: 'argumento': conversión de 'double' a 'GLfloat'; posible pérdida de datos
G:\Motores\ThomasEngine\ThomasEngine\Primitive.cpp(222,35): warning C4244: 'argumento': conversión de 'double' a 'GLfloat'; posible pérdida de datos
G:\Motores\ThomasEngine\ThomasEngine\Primitive.cpp(231,11): warning C4244: 'inicializando': conversión de 'double' a 'float'; posible pérdida de datos
G:\Motores\ThomasEngine\ThomasEngine\Primitive.cpp(232,53): warning C4244: 'argumento': conversión de 'double' a 'GLfloat'; posible pérdida de datos
G:\Motores\ThomasEngine\ThomasEngine\Primitive.cpp(232,36): warning C4244: 'argumento': conversión de 'double' a 'GLfloat'; posible pérdida de datos
G:\Motores\ThomasEngine\ThomasEngine\Primitive.cpp(240,11): warning C4244: 'inicializando': conversión de 'double' a 'float'; posible pérdida de datos
G:\Motores\ThomasEngine\ThomasEngine\Primitive.cpp(242,52): warning C4244: 'argumento': conversión de 'double' a 'GLfloat'; posible pérdida de datos
G:\Motores\ThomasEngine\ThomasEngine\Primitive.cpp(242,35): warning C4244: 'argumento': conversión de 'double' a 'GLfloat'; posible pérdida de datos
G:\Motores\ThomasEngine\ThomasEngine\Primitive.cpp(243,52): warning C4244: 'argumento': conversión de 'double' a 'GLfloat'; posible pérdida de datos
G:\Motores\ThomasEngine\ThomasEngine\Primitive.cpp(243,35): warning C4244: 'argumento': conversión de 'double' a 'GLfloat'; posible pérdida de datos
LIBCMTD.lib(initializers.obj) : warning LNK4098: la biblioteca predeterminada'msvcrt.lib' entra en conflicto con otras bibliotecas; use la biblioteca /NODEFAULTLIB:biblioteca
ModulePhysics3D.obj : error LNK2019: símbolo externo "void * __cdecl btAlignedAllocInternal(unsigned int,int)" (?btAlignedAllocInternal@@YAPAXIH@Z) sin resolver al que se hace referencia en la función "public: static void * __cdecl btBoxShape::operator new(unsigned int)" (??2btBoxShape@@SAPAXI@Z)
PhysBody3D.obj : error LNK2001: símbolo externo "void * __cdecl btAlignedAllocInternal(unsigned int,int)" (?btAlignedAllocInternal@@YAPAXIH@Z) sin resolver
ModulePhysics3D.obj : error LNK2019: símbolo externo "void __cdecl btAlignedFreeInternal(void *)" (?btAlignedFreeInternal@@YAXPAX@Z) sin resolver al que se hace referencia en la función "public: static void __cdecl btDefaultMotionState::operator delete(void *)" (??3btDefaultMotionState@@SAXPAX@Z)
PhysBody3D.obj : error LNK2001: símbolo externo "void __cdecl btAlignedFreeInternal(void *)" (?btAlignedFreeInternal@@YAXPAX@Z) sin resolver
ModulePhysics3D.obj : error LNK2019: símbolo externo "public: __thiscall btCollisionDispatcher::btCollisionDispatcher(class btCollisionConfiguration *)" (??0btCollisionDispatcher@@QAE@PAVbtCollisionConfiguration@@@Z) sin resolver al que se hace referencia en la función "public: __thiscall ModulePhysics3D::ModulePhysics3D(bool)" (??0ModulePhysics3D@@QAE@_N@Z)
ModulePhysics3D.obj : error LNK2019: símbolo externo "public: __thiscall btBoxShape::btBoxShape(class btVector3 const &)" (??0btBoxShape@@QAE@ABVbtVector3@@@Z) sin resolver al que se hace referencia en la función "public: virtual bool __thiscall ModulePhysics3D::Start(void)" (?Start@ModulePhysics3D@@UAE_NXZ)
ModulePhysics3D.obj : error LNK2019: símbolo externo "public: __thiscall btDefaultCollisionConfiguration::btDefaultCollisionConfiguration(struct btDefaultCollisionConstructionInfo const &)" (??0btDefaultCollisionConfiguration@@QAE@ABUbtDefaultCollisionConstructionInfo@@@Z) sin resolver al que se hace referencia en la función "public: __thiscall ModulePhysics3D::ModulePhysics3D(bool)" (??0ModulePhysics3D@@QAE@_N@Z)
ModulePhysics3D.obj : error LNK2019: símbolo externo "public: __thiscall btDbvtBroadphase::btDbvtBroadphase(class btOverlappingPairCache *)" (??0btDbvtBroadphase@@QAE@PAVbtOverlappingPairCache@@@Z) sin resolver al que se hace referencia en la función "public: __thiscall ModulePhysics3D::ModulePhysics3D(bool)" (??0ModulePhysics3D@@QAE@_N@Z)
ModulePhysics3D.obj : error LNK2019: símbolo externo "public: __thiscall btDiscreteDynamicsWorld::btDiscreteDynamicsWorld(class btDispatcher *,class btBroadphaseInterface *,class btConstraintSolver *,class btCollisionConfiguration *)" (??0btDiscreteDynamicsWorld@@QAE@PAVbtDispatcher@@PAVbtBroadphaseInterface@@PAVbtConstraintSolver@@PAVbtCollisionConfiguration@@@Z) sin resolver al que se hace referencia en la función "public: virtual bool __thiscall ModulePhysics3D::Start(void)" (?Start@ModulePhysics3D@@UAE_NXZ)
ModulePhysics3D.obj : error LNK2019: símbolo externo "public: __thiscall btRigidBody::btRigidBody(struct btRigidBody::btRigidBodyConstructionInfo const &)" (??0btRigidBody@@QAE@ABUbtRigidBodyConstructionInfo@0@@Z) sin resolver al que se hace referencia en la función "public: virtual bool __thiscall ModulePhysics3D::Start(void)" (?Start@ModulePhysics3D@@UAE_NXZ)
PhysBody3D.obj : error LNK2001: símbolo externo "public: __thiscall btRigidBody::btRigidBody(struct btRigidBody::btRigidBodyConstructionInfo const &)" (??0btRigidBody@@QAE@ABUbtRigidBodyConstructionInfo@0@@Z) sin resolver
ModulePhysics3D.obj : error LNK2019: símbolo externo "public: __thiscall btSequentialImpulseConstraintSolver::btSequentialImpulseConstraintSolver(void)" (??0btSequentialImpulseConstraintSolver@@QAE@XZ) sin resolver al que se hace referencia en la función "public: __thiscall ModulePhysics3D::ModulePhysics3D(bool)" (??0ModulePhysics3D@@QAE@_N@Z)
PhysBody3D.obj : error LNK2019: símbolo externo "public: void __thiscall btCollisionObject::activate(bool)const " (?activate@btCollisionObject@@QBEX_N@Z) sin resolver al que se hace referencia en la función "public: void __thiscall PhysBody3D::Push(class vec3)" (?Push@PhysBody3D@@QAEXVvec3@@@Z)
PhysBody3D.obj : error LNK2001: símbolo externo "public: virtual void __thiscall btCollisionShape::getBoundingSphere(class btVector3 &,float &)const " (?getBoundingSphere@btCollisionShape@@UBEXAAVbtVector3@@AAM@Z) sin resolver
PhysBody3D.obj : error LNK2001: símbolo externo "public: virtual float __thiscall btCollisionShape::getAngularMotionDisc(void)const " (?getAngularMotionDisc@btCollisionShape@@UBEMXZ) sin resolver
PhysBody3D.obj : error LNK2001: símbolo externo "public: virtual float __thiscall btCollisionShape::getContactBreakingThreshold(float)const " (?getContactBreakingThreshold@btCollisionShape@@UBEMM@Z) sin resolver
PhysBody3D.obj : error LNK2019: símbolo externo "public: virtual char const * __thiscall btCollisionShape::serialize(void *,class btSerializer *)const " (?serialize@btCollisionShape@@UBEPBDPAXPAVbtSerializer@@@Z) sin resolver al que se hace referencia en la función "public: virtual char const * __thiscall btConvexInternalShape::serialize(void *,class btSerializer *)const " (?serialize@btConvexInternalShape@@UBEPBDPAXPAVbtSerializer@@@Z)
PhysBody3D.obj : error LNK2001: símbolo externo "public: virtual void __thiscall btCollisionShape::serializeSingleShape(class btSerializer *)const " (?serializeSingleShape@btCollisionShape@@UBEXPAVbtSerializer@@@Z) sin resolver
PhysBody3D.obj : error LNK2019: símbolo externo "public: virtual __thiscall btConvexShape::~btConvexShape(void)" (??1btConvexShape@@UAE@XZ) sin resolver al que se hace referencia en la función "public: virtual __thiscall btConvexInternalShape::~btConvexInternalShape(void)" (??1btConvexInternalShape@@UAE@XZ)
PhysBody3D.obj : error LNK2001: símbolo externo "public: virtual void __thiscall btConvexShape::project(class btTransform const &,class btVector3 const &,float &,float &,class btVector3 &,class btVector3 &)const " (?project@btConvexShape@@UBEXABVbtTransform@@ABVbtVector3@@AAM2AAV3@3@Z) sin resolver
PhysBody3D.obj : error LNK2019: símbolo externo "protected: __thiscall btConvexInternalShape::btConvexInternalShape(void)" (??0btConvexInternalShape@@IAE@XZ) sin resolver al que se hace referencia en la función "public: __thiscall btSphereShape::btSphereShape(float)" (??0btSphereShape@@QAE@M@Z)
PhysBody3D.obj : error LNK2001: símbolo externo "public: virtual class btVector3 __thiscall btConvexInternalShape::localGetSupportingVertex(class btVector3 const &)const " (?localGetSupportingVertex@btConvexInternalShape@@UBE?AVbtVector3@@ABV2@@Z) sin resolver
PhysBody3D.obj : error LNK2001: símbolo externo "public: virtual void __thiscall btConvexInternalShape::getAabbSlow(class btTransform const &,class btVector3 &,class btVector3 &)const " (?getAabbSlow@btConvexInternalShape@@UBEXABVbtTransform@@AAVbtVector3@@1@Z) sin resolver
PhysBody3D.obj : error LNK2001: símbolo externo "public: virtual void __thiscall btConvexInternalShape::setLocalScaling(class btVector3 const &)" (?setLocalScaling@btConvexInternalShape@@UAEXABVbtVector3@@@Z) sin resolver
PhysBody3D.obj : error LNK2001: símbolo externo "public: virtual class btVector3 __thiscall btSphereShape::localGetSupportingVertex(class btVector3 const &)const " (?localGetSupportingVertex@btSphereShape@@UBE?AVbtVector3@@ABV2@@Z) sin resolver
PhysBody3D.obj : error LNK2001: símbolo externo "public: virtual class btVector3 __thiscall btSphereShape::localGetSupportingVertexWithoutMargin(class btVector3 const &)const " (?localGetSupportingVertexWithoutMargin@btSphereShape@@UBE?AVbtVector3@@ABV2@@Z) sin resolver
PhysBody3D.obj : error LNK2001: símbolo externo "public: virtual void __thiscall btSphereShape::batchedUnitVectorGetSupportingVertexWithoutMargin(class btVector3 const *,class btVector3 *,int)const " (?batchedUnitVectorGetSupportingVertexWithoutMargin@btSphereShape@@UBEXPBVbtVector3@@PAV2@H@Z) sin resolver
PhysBody3D.obj : error LNK2001: símbolo externo "public: virtual void __thiscall btSphereShape::calculateLocalInertia(float,class btVector3 &)const " (?calculateLocalInertia@btSphereShape@@UBEXMAAVbtVector3@@@Z) sin resolver
PhysBody3D.obj : error LNK2001: símbolo externo "public: virtual void __thiscall btSphereShape::getAabb(class btTransform const &,class btVector3 &,class btVector3 &)const " (?getAabb@btSphereShape@@UBEXABVbtTransform@@AAVbtVector3@@1@Z) sin resolver
msvcrt.lib(chandler4gs.obj) : error LNK2019: símbolo externo __except_handler4_common sin resolver al que se hace referencia en la función __except_handler4
G:\Motores\ThomasEngine\ThomasEngine\Debug\3D Physics - class4 Handout.exe : fatal error LNK1120: 27 externos sin resolver
